main> [2013-12-06 10:00:43] [DefaultFtpServer] [89] [INFO] FTP server started 
main> [2013-12-06 10:01:03] [DefaultFtpServer] [89] [INFO] FTP server started 
NioProcessor-3> [2013-12-06 10:01:12] [FtpLoggingFilter] [159] [INFO] CREATED 
pool-3-thread-1> [2013-12-06 10:01:12] [FtpLoggingFilter] [159] [INFO] OPENED 
pool-3-thread-1> [2013-12-06 10:01:12] [FtpLoggingFilter] [141] [INFO] SENT: 220 Service ready for new user.
 
pool-3-thread-1> [2013-12-06 10:01:12] [FtpLoggingFilter] [84] [INFO] RECEIVED: USER kim 
pool-3-thread-2> [2013-12-06 10:01:12] [FtpLoggingFilter] [141] [INFO] SENT: 331 User name okay, need password for kim.
 
pool-3-thread-2> [2013-12-06 10:01:12] [FtpLoggingFilter] [84] [INFO] RECEIVED: PASS ***** 
pool-3-thread-2> [2013-12-06 10:01:12] [PASS] [170] [WARN] User failed to log in 
pool-3-thread-2> [2013-12-06 10:01:12] [PASS] [213] [WARN] Login failure - kim 
pool-3-thread-2> [2013-12-06 10:01:12] [FtpLoggingFilter] [141] [INFO] SENT: 530 Authentication failed.
 
pool-3-thread-2> [2013-12-06 10:01:12] [FtpLoggingFilter] [159] [INFO] CLOSED 
NioProcessor-4> [2013-12-06 10:01:17] [FtpLoggingFilter] [159] [INFO] CREATED 
pool-3-thread-1> [2013-12-06 10:01:17] [FtpLoggingFilter] [159] [INFO] OPENED 
pool-3-thread-2> [2013-12-06 10:01:17] [FtpLoggingFilter] [141] [INFO] SENT: 220 Service ready for new user.
 
pool-3-thread-1> [2013-12-06 10:01:17] [FtpLoggingFilter] [84] [INFO] RECEIVED: USER kim 
pool-3-thread-2> [2013-12-06 10:01:17] [FtpLoggingFilter] [141] [INFO] SENT: 331 User name okay, need password for kim.
 
pool-3-thread-1> [2013-12-06 10:01:17] [FtpLoggingFilter] [84] [INFO] RECEIVED: PASS ***** 
pool-3-thread-1> [2013-12-06 10:01:17] [PASS] [170] [WARN] User failed to log in 
pool-3-thread-1> [2013-12-06 10:01:18] [PASS] [213] [WARN] Login failure - kim 
pool-3-thread-2> [2013-12-06 10:01:18] [FtpLoggingFilter] [141] [INFO] SENT: 530 Authentication failed.
 
pool-3-thread-2> [2013-12-06 10:01:18] [FtpLoggingFilter] [159] [INFO] CLOSED 
NioProcessor-1> [2013-12-06 10:01:24] [FtpLoggingFilter] [159] [INFO] CREATED 
pool-3-thread-1> [2013-12-06 10:01:24] [FtpLoggingFilter] [159] [INFO] OPENED 
pool-3-thread-2> [2013-12-06 10:01:24] [FtpLoggingFilter] [141] [INFO] SENT: 220 Service ready for new user.
 
pool-3-thread-1> [2013-12-06 10:01:24] [FtpLoggingFilter] [84] [INFO] RECEIVED: USER kim 
pool-3-thread-2> [2013-12-06 10:01:24] [FtpLoggingFilter] [141] [INFO] SENT: 331 User name okay, need password for kim.
 
pool-3-thread-1> [2013-12-06 10:01:24] [FtpLoggingFilter] [84] [INFO] RECEIVED: PASS ***** 
pool-3-thread-1> [2013-12-06 10:01:24] [PASS] [246] [INFO] Login success - kim 
pool-3-thread-1> [2013-12-06 10:01:24] [FtpLoggingFilter] [141] [INFO] SENT: 230 User logged in, proceed.
 
pool-3-thread-1> [2013-12-06 10:01:24] [FtpLoggingFilter] [84] [INFO] RECEIVED: SYST 
pool-3-thread-2> [2013-12-06 10:01:24] [FtpLoggingFilter] [141] [INFO] SENT: 215 UNIX Type: Apache FtpServer
 
pool-3-thread-1> [2013-12-06 10:01:24] [FtpLoggingFilter] [84] [INFO] RECEIVED: FEAT 
pool-3-thread-2> [2013-12-06 10:01:24] [FtpLoggingFilter] [141] [INFO] SENT: 211-Extensions supported
 SIZE
 MDTM
 REST STREAM
 LANG en;zh-tw;ja;is
 MLST Size;Modify;Type;Perm
 AUTH SSL
 AUTH TLS
 MODE Z
 UTF8
 TVFS
 MD5
 MMD5
 MFMT
211 End
 
pool-3-thread-1> [2013-12-06 10:01:24] [FtpLoggingFilter] [84] [INFO] RECEIVED: OPTS UTF8 ON 
pool-3-thread-2> [2013-12-06 10:01:24] [FtpLoggingFilter] [141] [INFO] SENT: 200 Command OPTS okay.
 
pool-3-thread-1> [2013-12-06 10:01:24] [FtpLoggingFilter] [84] [INFO] RECEIVED: OPTS MLST size;modify;type; 
pool-3-thread-2> [2013-12-06 10:01:24] [FtpLoggingFilter] [141] [INFO] SENT: 200 Command OPTS okay.
 
pool-3-thread-1> [2013-12-06 10:01:24] [FtpLoggingFilter] [84] [INFO] RECEIVED: PWD 
pool-3-thread-2> [2013-12-06 10:01:24] [FtpLoggingFilter] [141] [INFO] SENT: 257 "/" is current directory.
 
pool-3-thread-1> [2013-12-06 10:01:24] [FtpLoggingFilter] [84] [INFO] RECEIVED: TYPE I 
pool-3-thread-2> [2013-12-06 10:01:24] [FtpLoggingFilter] [141] [INFO] SENT: 200 Command TYPE okay.
 
pool-3-thread-1> [2013-12-06 10:01:24] [FtpLoggingFilter] [84] [INFO] RECEIVED: PASV 
pool-3-thread-2> [2013-12-06 10:01:24] [FtpLoggingFilter] [141] [INFO] SENT: 227 Entering Passive Mode (127,0,0,1,239,188)
 
pool-3-thread-1> [2013-12-06 10:01:24] [FtpLoggingFilter] [84] [INFO] RECEIVED: MLSD 
pool-3-thread-1> [2013-12-06 10:01:24] [PassivePorts] [242] [WARN] Releasing unreserved passive port: 61372 
pool-3-thread-1> [2013-12-06 10:01:24] [FtpLoggingFilter] [141] [INFO] SENT: 150 File status okay; about to open data connection.
 
pool-3-thread-1> [2013-12-06 10:01:24] [FtpLoggingFilter] [141] [INFO] SENT: 226 Closing data connection.
 
pool-3-thread-2> [2013-12-06 10:01:32] [FtpLoggingFilter] [159] [INFO] CLOSED 
NioProcessor-2> [2013-12-06 10:01:32] [FtpLoggingFilter] [159] [INFO] CREATED 
pool-3-thread-1> [2013-12-06 10:01:32] [FtpLoggingFilter] [159] [INFO] OPENED 
pool-3-thread-2> [2013-12-06 10:01:32] [FtpLoggingFilter] [141] [INFO] SENT: 220 Service ready for new user.
 
pool-3-thread-1> [2013-12-06 10:01:53] [FtpLoggingFilter] [123] [WARN] EXCEPTION : 
java.io.IOException: 현재 연결은 원격 호스트에 의해 강제로 끊겼습니다
	at sun.nio.ch.SocketDispatcher.read0(Native Method)
	at sun.nio.ch.SocketDispatcher.read(SocketDispatcher.java:43)
	at sun.nio.ch.IOUtil.readIntoNativeBuffer(IOUtil.java:225)
	at sun.nio.ch.IOUtil.read(IOUtil.java:198)
	at sun.nio.ch.SocketChannelImpl.read(SocketChannelImpl.java:359)
	at org.apache.mina.transport.socket.nio.NioProcessor.read(NioProcessor.java:280)
	at org.apache.mina.transport.socket.nio.NioProcessor.read(NioProcessor.java:44)
	at org.apache.mina.core.polling.AbstractPollingIoProcessor.read(AbstractPollingIoProcessor.java:695)
	at org.apache.mina.core.polling.AbstractPollingIoProcessor.process(AbstractPollingIoProcessor.java:668)
	at org.apache.mina.core.polling.AbstractPollingIoProcessor.process(AbstractPollingIoProcessor.java:657)
	at org.apache.mina.core.polling.AbstractPollingIoProcessor.access$600(AbstractPollingIoProcessor.java:68)
	at org.apache.mina.core.polling.AbstractPollingIoProcessor$Processor.run(AbstractPollingIoProcessor.java:1141)
	at org.apache.mina.util.NamePreservingRunnable.run(NamePreservingRunnable.java:64)
	at java.util.concurrent.ThreadPoolExecutor.runWorker(ThreadPoolExecutor.java:1145)
	at java.util.concurrent.ThreadPoolExecutor$Worker.run(ThreadPoolExecutor.java:615)
	at java.lang.Thread.run(Thread.java:722)
pool-3-thread-1> [2013-12-06 10:01:53] [DefaultFtpHandler] [156] [ERROR] Exception caught, closing session 
java.io.IOException: 현재 연결은 원격 호스트에 의해 강제로 끊겼습니다
	at sun.nio.ch.SocketDispatcher.read0(Native Method)
	at sun.nio.ch.SocketDispatcher.read(SocketDispatcher.java:43)
	at sun.nio.ch.IOUtil.readIntoNativeBuffer(IOUtil.java:225)
	at sun.nio.ch.IOUtil.read(IOUtil.java:198)
	at sun.nio.ch.SocketChannelImpl.read(SocketChannelImpl.java:359)
	at org.apache.mina.transport.socket.nio.NioProcessor.read(NioProcessor.java:280)
	at org.apache.mina.transport.socket.nio.NioProcessor.read(NioProcessor.java:44)
	at org.apache.mina.core.polling.AbstractPollingIoProcessor.read(AbstractPollingIoProcessor.java:695)
	at org.apache.mina.core.polling.AbstractPollingIoProcessor.process(AbstractPollingIoProcessor.java:668)
	at org.apache.mina.core.polling.AbstractPollingIoProcessor.process(AbstractPollingIoProcessor.java:657)
	at org.apache.mina.core.polling.AbstractPollingIoProcessor.access$600(AbstractPollingIoProcessor.java:68)
	at org.apache.mina.core.polling.AbstractPollingIoProcessor$Processor.run(AbstractPollingIoProcessor.java:1141)
	at org.apache.mina.util.NamePreservingRunnable.run(NamePreservingRunnable.java:64)
	at java.util.concurrent.ThreadPoolExecutor.runWorker(ThreadPoolExecutor.java:1145)
	at java.util.concurrent.ThreadPoolExecutor$Worker.run(ThreadPoolExecutor.java:615)
	at java.lang.Thread.run(Thread.java:722)
pool-3-thread-1> [2013-12-06 10:01:53] [FtpLoggingFilter] [159] [INFO] CLOSED 
NioProcessor-3> [2013-12-06 10:01:58] [FtpLoggingFilter] [159] [INFO] CREATED 
pool-3-thread-2> [2013-12-06 10:01:58] [FtpLoggingFilter] [159] [INFO] OPENED 
pool-3-thread-1> [2013-12-06 10:01:58] [FtpLoggingFilter] [141] [INFO] SENT: 220 Service ready for new user.
 
pool-3-thread-2> [2013-12-06 10:02:18] [FtpLoggingFilter] [123] [WARN] EXCEPTION : 
java.io.IOException: 현재 연결은 원격 호스트에 의해 강제로 끊겼습니다
	at sun.nio.ch.SocketDispatcher.read0(Native Method)
	at sun.nio.ch.SocketDispatcher.read(SocketDispatcher.java:43)
	at sun.nio.ch.IOUtil.readIntoNativeBuffer(IOUtil.java:225)
	at sun.nio.ch.IOUtil.read(IOUtil.java:198)
	at sun.nio.ch.SocketChannelImpl.read(SocketChannelImpl.java:359)
	at org.apache.mina.transport.socket.nio.NioProcessor.read(NioProcessor.java:280)
	at org.apache.mina.transport.socket.nio.NioProcessor.read(NioProcessor.java:44)
	at org.apache.mina.core.polling.AbstractPollingIoProcessor.read(AbstractPollingIoProcessor.java:695)
	at org.apache.mina.core.polling.AbstractPollingIoProcessor.process(AbstractPollingIoProcessor.java:668)
	at org.apache.mina.core.polling.AbstractPollingIoProcessor.process(AbstractPollingIoProcessor.java:657)
	at org.apache.mina.core.polling.AbstractPollingIoProcessor.access$600(AbstractPollingIoProcessor.java:68)
	at org.apache.mina.core.polling.AbstractPollingIoProcessor$Processor.run(AbstractPollingIoProcessor.java:1141)
	at org.apache.mina.util.NamePreservingRunnable.run(NamePreservingRunnable.java:64)
	at java.util.concurrent.ThreadPoolExecutor.runWorker(ThreadPoolExecutor.java:1145)
	at java.util.concurrent.ThreadPoolExecutor$Worker.run(ThreadPoolExecutor.java:615)
	at java.lang.Thread.run(Thread.java:722)
pool-3-thread-2> [2013-12-06 10:02:18] [DefaultFtpHandler] [156] [ERROR] Exception caught, closing session 
java.io.IOException: 현재 연결은 원격 호스트에 의해 강제로 끊겼습니다
	at sun.nio.ch.SocketDispatcher.read0(Native Method)
	at sun.nio.ch.SocketDispatcher.read(SocketDispatcher.java:43)
	at sun.nio.ch.IOUtil.readIntoNativeBuffer(IOUtil.java:225)
	at sun.nio.ch.IOUtil.read(IOUtil.java:198)
	at sun.nio.ch.SocketChannelImpl.read(SocketChannelImpl.java:359)
	at org.apache.mina.transport.socket.nio.NioProcessor.read(NioProcessor.java:280)
	at org.apache.mina.transport.socket.nio.NioProcessor.read(NioProcessor.java:44)
	at org.apache.mina.core.polling.AbstractPollingIoProcessor.read(AbstractPollingIoProcessor.java:695)
	at org.apache.mina.core.polling.AbstractPollingIoProcessor.process(AbstractPollingIoProcessor.java:668)
	at org.apache.mina.core.polling.AbstractPollingIoProcessor.process(AbstractPollingIoProcessor.java:657)
	at org.apache.mina.core.polling.AbstractPollingIoProcessor.access$600(AbstractPollingIoProcessor.java:68)
	at org.apache.mina.core.polling.AbstractPollingIoProcessor$Processor.run(AbstractPollingIoProcessor.java:1141)
	at org.apache.mina.util.NamePreservingRunnable.run(NamePreservingRunnable.java:64)
	at java.util.concurrent.ThreadPoolExecutor.runWorker(ThreadPoolExecutor.java:1145)
	at java.util.concurrent.ThreadPoolExecutor$Worker.run(ThreadPoolExecutor.java:615)
	at java.lang.Thread.run(Thread.java:722)
pool-3-thread-2> [2013-12-06 10:02:18] [FtpLoggingFilter] [159] [INFO] CLOSED 
NioProcessor-4> [2013-12-06 10:02:36] [FtpLoggingFilter] [159] [INFO] CREATED 
pool-3-thread-2> [2013-12-06 10:02:37] [FtpLoggingFilter] [159] [INFO] OPENED 
pool-3-thread-2> [2013-12-06 10:02:37] [FtpLoggingFilter] [141] [INFO] SENT: 220 Service ready for new user.
 
main> [2013-12-06 10:15:28] [DefaultFtpServer] [89] [INFO] FTP server started 
NioProcessor-3> [2013-12-06 10:15:46] [FtpLoggingFilter] [159] [INFO] CREATED 
pool-3-thread-1> [2013-12-06 10:15:46] [FtpLoggingFilter] [159] [INFO] OPENED 
pool-3-thread-1> [2013-12-06 10:15:47] [FtpLoggingFilter] [141] [INFO] SENT: 220 Service ready for new user.
 
pool-3-thread-1> [2013-12-06 10:16:07] [FtpLoggingFilter] [123] [WARN] EXCEPTION : 
java.io.IOException: 현재 연결은 원격 호스트에 의해 강제로 끊겼습니다
	at sun.nio.ch.SocketDispatcher.read0(Native Method)
	at sun.nio.ch.SocketDispatcher.read(SocketDispatcher.java:43)
	at sun.nio.ch.IOUtil.readIntoNativeBuffer(IOUtil.java:225)
	at sun.nio.ch.IOUtil.read(IOUtil.java:198)
	at sun.nio.ch.SocketChannelImpl.read(SocketChannelImpl.java:359)
	at org.apache.mina.transport.socket.nio.NioProcessor.read(NioProcessor.java:280)
	at org.apache.mina.transport.socket.nio.NioProcessor.read(NioProcessor.java:44)
	at org.apache.mina.core.polling.AbstractPollingIoProcessor.read(AbstractPollingIoProcessor.java:695)
	at org.apache.mina.core.polling.AbstractPollingIoProcessor.process(AbstractPollingIoProcessor.java:668)
	at org.apache.mina.core.polling.AbstractPollingIoProcessor.process(AbstractPollingIoProcessor.java:657)
	at org.apache.mina.core.polling.AbstractPollingIoProcessor.access$600(AbstractPollingIoProcessor.java:68)
	at org.apache.mina.core.polling.AbstractPollingIoProcessor$Processor.run(AbstractPollingIoProcessor.java:1141)
	at org.apache.mina.util.NamePreservingRunnable.run(NamePreservingRunnable.java:64)
	at java.util.concurrent.ThreadPoolExecutor.runWorker(ThreadPoolExecutor.java:1145)
	at java.util.concurrent.ThreadPoolExecutor$Worker.run(ThreadPoolExecutor.java:615)
	at java.lang.Thread.run(Thread.java:722)
pool-3-thread-1> [2013-12-06 10:16:07] [DefaultFtpHandler] [156] [ERROR] Exception caught, closing session 
java.io.IOException: 현재 연결은 원격 호스트에 의해 강제로 끊겼습니다
	at sun.nio.ch.SocketDispatcher.read0(Native Method)
	at sun.nio.ch.SocketDispatcher.read(SocketDispatcher.java:43)
	at sun.nio.ch.IOUtil.readIntoNativeBuffer(IOUtil.java:225)
	at sun.nio.ch.IOUtil.read(IOUtil.java:198)
	at sun.nio.ch.SocketChannelImpl.read(SocketChannelImpl.java:359)
	at org.apache.mina.transport.socket.nio.NioProcessor.read(NioProcessor.java:280)
	at org.apache.mina.transport.socket.nio.NioProcessor.read(NioProcessor.java:44)
	at org.apache.mina.core.polling.AbstractPollingIoProcessor.read(AbstractPollingIoProcessor.java:695)
	at org.apache.mina.core.polling.AbstractPollingIoProcessor.process(AbstractPollingIoProcessor.java:668)
	at org.apache.mina.core.polling.AbstractPollingIoProcessor.process(AbstractPollingIoProcessor.java:657)
	at org.apache.mina.core.polling.AbstractPollingIoProcessor.access$600(AbstractPollingIoProcessor.java:68)
	at org.apache.mina.core.polling.AbstractPollingIoProcessor$Processor.run(AbstractPollingIoProcessor.java:1141)
	at org.apache.mina.util.NamePreservingRunnable.run(NamePreservingRunnable.java:64)
	at java.util.concurrent.ThreadPoolExecutor.runWorker(ThreadPoolExecutor.java:1145)
	at java.util.concurrent.ThreadPoolExecutor$Worker.run(ThreadPoolExecutor.java:615)
	at java.lang.Thread.run(Thread.java:722)
pool-3-thread-1> [2013-12-06 10:16:07] [FtpLoggingFilter] [159] [INFO] CLOSED 
NioProcessor-4> [2013-12-06 10:16:12] [FtpLoggingFilter] [159] [INFO] CREATED 
pool-3-thread-2> [2013-12-06 10:16:12] [FtpLoggingFilter] [159] [INFO] OPENED 
pool-3-thread-1> [2013-12-06 10:16:12] [FtpLoggingFilter] [141] [INFO] SENT: 220 Service ready for new user.
 
pool-3-thread-2> [2013-12-06 10:16:12] [FtpLoggingFilter] [84] [INFO] RECEIVED: USER kim 
pool-3-thread-1> [2013-12-06 10:16:12] [FtpLoggingFilter] [141] [INFO] SENT: 331 User name okay, need password for kim.
 
pool-3-thread-2> [2013-12-06 10:16:12] [FtpLoggingFilter] [84] [INFO] RECEIVED: PASS ***** 
pool-3-thread-2> [2013-12-06 10:16:12] [PASS] [246] [INFO] Login success - kim 
pool-3-thread-2> [2013-12-06 10:16:12] [FtpLoggingFilter] [141] [INFO] SENT: 230 User logged in, proceed.
 
pool-3-thread-2> [2013-12-06 10:16:12] [FtpLoggingFilter] [84] [INFO] RECEIVED: OPTS UTF8 ON 
pool-3-thread-1> [2013-12-06 10:16:12] [FtpLoggingFilter] [141] [INFO] SENT: 200 Command OPTS okay.
 
pool-3-thread-2> [2013-12-06 10:16:12] [FtpLoggingFilter] [84] [INFO] RECEIVED: OPTS MLST size;modify;type; 
pool-3-thread-1> [2013-12-06 10:16:12] [FtpLoggingFilter] [141] [INFO] SENT: 200 Command OPTS okay.
 
pool-3-thread-2> [2013-12-06 10:16:12] [FtpLoggingFilter] [84] [INFO] RECEIVED: PWD 
pool-3-thread-1> [2013-12-06 10:16:12] [FtpLoggingFilter] [141] [INFO] SENT: 257 "/" is current directory.
 
NioProcessor-1> [2013-12-06 10:16:16] [FtpLoggingFilter] [159] [INFO] CREATED 
pool-3-thread-2> [2013-12-06 10:16:16] [FtpLoggingFilter] [159] [INFO] OPENED 
pool-3-thread-1> [2013-12-06 10:16:16] [FtpLoggingFilter] [141] [INFO] SENT: 220 Service ready for new user.
 
pool-3-thread-2> [2013-12-06 10:16:16] [FtpLoggingFilter] [84] [INFO] RECEIVED: USER kim 
pool-3-thread-1> [2013-12-06 10:16:16] [FtpLoggingFilter] [141] [INFO] SENT: 331 User name okay, need password for kim.
 
pool-3-thread-2> [2013-12-06 10:16:16] [FtpLoggingFilter] [84] [INFO] RECEIVED: PASS ***** 
pool-3-thread-2> [2013-12-06 10:16:16] [PASS] [246] [INFO] Login success - kim 
pool-3-thread-2> [2013-12-06 10:16:16] [FtpLoggingFilter] [141] [INFO] SENT: 230 User logged in, proceed.
 
pool-3-thread-2> [2013-12-06 10:16:16] [FtpLoggingFilter] [84] [INFO] RECEIVED: OPTS UTF8 ON 
pool-3-thread-1> [2013-12-06 10:16:16] [FtpLoggingFilter] [141] [INFO] SENT: 200 Command OPTS okay.
 
pool-3-thread-2> [2013-12-06 10:16:16] [FtpLoggingFilter] [84] [INFO] RECEIVED: OPTS MLST size;modify;type; 
pool-3-thread-1> [2013-12-06 10:16:16] [FtpLoggingFilter] [141] [INFO] SENT: 200 Command OPTS okay.
 
pool-3-thread-2> [2013-12-06 10:16:16] [FtpLoggingFilter] [84] [INFO] RECEIVED: CWD / 
pool-3-thread-1> [2013-12-06 10:16:16] [FtpLoggingFilter] [141] [INFO] SENT: 250 Directory changed to /
 
pool-3-thread-2> [2013-12-06 10:16:16] [FtpLoggingFilter] [84] [INFO] RECEIVED: PWD 
pool-3-thread-1> [2013-12-06 10:16:16] [FtpLoggingFilter] [141] [INFO] SENT: 257 "/" is current directory.
 
pool-3-thread-2> [2013-12-06 10:16:16] [FtpLoggingFilter] [84] [INFO] RECEIVED: TYPE I 
pool-3-thread-1> [2013-12-06 10:16:16] [FtpLoggingFilter] [141] [INFO] SENT: 200 Command TYPE okay.
 
pool-3-thread-2> [2013-12-06 10:16:16] [FtpLoggingFilter] [84] [INFO] RECEIVED: PASV 
pool-3-thread-1> [2013-12-06 10:16:16] [FtpLoggingFilter] [141] [INFO] SENT: 227 Entering Passive Mode (127,0,0,1,241,196)
 
pool-3-thread-2> [2013-12-06 10:16:16] [FtpLoggingFilter] [84] [INFO] RECEIVED: STOR Logger.jar 
pool-3-thread-2> [2013-12-06 10:16:16] [STOR] [154] [INFO] File uploaded /Logger.jar 
pool-3-thread-2> [2013-12-06 10:16:16] [PassivePorts] [242] [WARN] Releasing unreserved passive port: 61892 
pool-3-thread-2> [2013-12-06 10:16:16] [FtpLoggingFilter] [141] [INFO] SENT: 150 File status okay; about to open data connection.
 
pool-3-thread-2> [2013-12-06 10:16:16] [FtpLoggingFilter] [141] [INFO] SENT: 226 Transfer complete.
 
pool-3-thread-1> [2013-12-06 10:16:16] [FtpLoggingFilter] [84] [INFO] RECEIVED: PASV 
pool-3-thread-2> [2013-12-06 10:16:16] [FtpLoggingFilter] [141] [INFO] SENT: 227 Entering Passive Mode (127,0,0,1,241,198)
 
pool-3-thread-1> [2013-12-06 10:16:16] [FtpLoggingFilter] [84] [INFO] RECEIVED: MLSD 
pool-3-thread-1> [2013-12-06 10:16:16] [PassivePorts] [242] [WARN] Releasing unreserved passive port: 61894 
pool-3-thread-1> [2013-12-06 10:16:16] [FtpLoggingFilter] [141] [INFO] SENT: 150 File status okay; about to open data connection.
 
pool-3-thread-1> [2013-12-06 10:16:16] [FtpLoggingFilter] [141] [INFO] SENT: 226 Closing data connection.
 
pool-3-thread-2> [2013-12-06 10:16:18] [FtpLoggingFilter] [84] [INFO] RECEIVED: TYPE I 
pool-3-thread-1> [2013-12-06 10:16:18] [FtpLoggingFilter] [141] [INFO] SENT: 200 Command TYPE okay.
 
pool-3-thread-2> [2013-12-06 10:16:18] [FtpLoggingFilter] [84] [INFO] RECEIVED: PASV 
pool-3-thread-1> [2013-12-06 10:16:18] [FtpLoggingFilter] [141] [INFO] SENT: 227 Entering Passive Mode (127,0,0,1,241,200)
 
pool-3-thread-2> [2013-12-06 10:16:18] [FtpLoggingFilter] [84] [INFO] RECEIVED: MLSD 
pool-3-thread-2> [2013-12-06 10:16:18] [PassivePorts] [242] [WARN] Releasing unreserved passive port: 61896 
pool-3-thread-2> [2013-12-06 10:16:18] [FtpLoggingFilter] [141] [INFO] SENT: 150 File status okay; about to open data connection.
 
pool-3-thread-2> [2013-12-06 10:16:18] [FtpLoggingFilter] [141] [INFO] SENT: 226 Closing data connection.
 
pool-3-thread-1> [2013-12-06 10:16:18] [FtpLoggingFilter] [84] [INFO] RECEIVED: PASV 
pool-3-thread-2> [2013-12-06 10:16:18] [FtpLoggingFilter] [141] [INFO] SENT: 227 Entering Passive Mode (127,0,0,1,241,202)
 
pool-3-thread-1> [2013-12-06 10:16:18] [FtpLoggingFilter] [84] [INFO] RECEIVED: MLSD 
pool-3-thread-1> [2013-12-06 10:16:18] [PassivePorts] [242] [WARN] Releasing unreserved passive port: 61898 
pool-3-thread-1> [2013-12-06 10:16:18] [FtpLoggingFilter] [141] [INFO] SENT: 150 File status okay; about to open data connection.
 
pool-3-thread-1> [2013-12-06 10:16:18] [FtpLoggingFilter] [141] [INFO] SENT: 226 Closing data connection.
 
pool-3-thread-3> [2013-12-06 10:17:16] [FtpLoggingFilter] [159] [INFO] CLOSED 
main> [2013-12-06 10:19:10] [DefaultFtpServer] [89] [INFO] FTP server started 
NioProcessor-3> [2013-12-06 10:19:20] [FtpLoggingFilter] [159] [INFO] CREATED 
pool-3-thread-1> [2013-12-06 10:19:20] [FtpLoggingFilter] [159] [INFO] OPENED 
pool-3-thread-1> [2013-12-06 10:19:20] [FtpLoggingFilter] [141] [INFO] SENT: 220 Service ready for new user.
 
pool-3-thread-1> [2013-12-06 10:19:20] [FtpLoggingFilter] [84] [INFO] RECEIVED: USER kim 
pool-3-thread-2> [2013-12-06 10:19:20] [FtpLoggingFilter] [141] [INFO] SENT: 331 User name okay, need password for kim.
 
pool-3-thread-1> [2013-12-06 10:19:20] [FtpLoggingFilter] [84] [INFO] RECEIVED: PASS ***** 
pool-3-thread-1> [2013-12-06 10:19:20] [PASS] [246] [INFO] Login success - kim 
pool-3-thread-1> [2013-12-06 10:19:20] [FtpLoggingFilter] [141] [INFO] SENT: 230 User logged in, proceed.
 
pool-3-thread-1> [2013-12-06 10:19:20] [FtpLoggingFilter] [84] [INFO] RECEIVED: OPTS UTF8 ON 
pool-3-thread-2> [2013-12-06 10:19:20] [FtpLoggingFilter] [141] [INFO] SENT: 200 Command OPTS okay.
 
pool-3-thread-1> [2013-12-06 10:19:20] [FtpLoggingFilter] [84] [INFO] RECEIVED: OPTS MLST size;modify;type; 
pool-3-thread-2> [2013-12-06 10:19:20] [FtpLoggingFilter] [141] [INFO] SENT: 200 Command OPTS okay.
 
pool-3-thread-1> [2013-12-06 10:19:20] [FtpLoggingFilter] [84] [INFO] RECEIVED: PWD 
pool-3-thread-2> [2013-12-06 10:19:20] [FtpLoggingFilter] [141] [INFO] SENT: 257 "/" is current directory.
 
NioProcessor-4> [2013-12-06 10:19:22] [FtpLoggingFilter] [159] [INFO] CREATED 
pool-3-thread-1> [2013-12-06 10:19:22] [FtpLoggingFilter] [159] [INFO] OPENED 
pool-3-thread-2> [2013-12-06 10:19:22] [FtpLoggingFilter] [141] [INFO] SENT: 220 Service ready for new user.
 
pool-3-thread-1> [2013-12-06 10:19:22] [FtpLoggingFilter] [84] [INFO] RECEIVED: USER kim 
pool-3-thread-2> [2013-12-06 10:19:22] [FtpLoggingFilter] [141] [INFO] SENT: 331 User name okay, need password for kim.
 
pool-3-thread-1> [2013-12-06 10:19:22] [FtpLoggingFilter] [84] [INFO] RECEIVED: PASS ***** 
pool-3-thread-1> [2013-12-06 10:19:22] [PASS] [246] [INFO] Login success - kim 
pool-3-thread-1> [2013-12-06 10:19:22] [FtpLoggingFilter] [141] [INFO] SENT: 230 User logged in, proceed.
 
pool-3-thread-1> [2013-12-06 10:19:22] [FtpLoggingFilter] [84] [INFO] RECEIVED: OPTS UTF8 ON 
pool-3-thread-2> [2013-12-06 10:19:22] [FtpLoggingFilter] [141] [INFO] SENT: 200 Command OPTS okay.
 
pool-3-thread-1> [2013-12-06 10:19:22] [FtpLoggingFilter] [84] [INFO] RECEIVED: OPTS MLST size;modify;type; 
pool-3-thread-2> [2013-12-06 10:19:22] [FtpLoggingFilter] [141] [INFO] SENT: 200 Command OPTS okay.
 
pool-3-thread-1> [2013-12-06 10:19:22] [FtpLoggingFilter] [84] [INFO] RECEIVED: CWD / 
pool-3-thread-2> [2013-12-06 10:19:22] [FtpLoggingFilter] [141] [INFO] SENT: 250 Directory changed to /
 
pool-3-thread-1> [2013-12-06 10:19:22] [FtpLoggingFilter] [84] [INFO] RECEIVED: TYPE A 
pool-3-thread-2> [2013-12-06 10:19:22] [FtpLoggingFilter] [141] [INFO] SENT: 200 Command TYPE okay.
 
pool-3-thread-1> [2013-12-06 10:19:22] [FtpLoggingFilter] [84] [INFO] RECEIVED: PASV 
pool-3-thread-2> [2013-12-06 10:19:22] [FtpLoggingFilter] [141] [INFO] SENT: 227 Entering Passive Mode (127,0,0,1,242,56)
 
pool-3-thread-1> [2013-12-06 10:19:22] [FtpLoggingFilter] [84] [INFO] RECEIVED: STOR 1.xml 
pool-3-thread-1> [2013-12-06 10:19:22] [STOR] [154] [INFO] File uploaded /1.xml 
pool-3-thread-1> [2013-12-06 10:19:22] [PassivePorts] [242] [WARN] Releasing unreserved passive port: 62008 
pool-3-thread-1> [2013-12-06 10:19:22] [FtpLoggingFilter] [141] [INFO] SENT: 150 File status okay; about to open data connection.
 
pool-3-thread-1> [2013-12-06 10:19:22] [FtpLoggingFilter] [141] [INFO] SENT: 226 Transfer complete.
 
pool-3-thread-2> [2013-12-06 10:19:22] [FtpLoggingFilter] [84] [INFO] RECEIVED: TYPE I 
pool-3-thread-1> [2013-12-06 10:19:22] [FtpLoggingFilter] [141] [INFO] SENT: 200 Command TYPE okay.
 
pool-3-thread-2> [2013-12-06 10:19:22] [FtpLoggingFilter] [84] [INFO] RECEIVED: PASV 
pool-3-thread-1> [2013-12-06 10:19:22] [FtpLoggingFilter] [141] [INFO] SENT: 227 Entering Passive Mode (127,0,0,1,242,58)
 
pool-3-thread-2> [2013-12-06 10:19:22] [FtpLoggingFilter] [84] [INFO] RECEIVED: MLSD 
pool-3-thread-2> [2013-12-06 10:19:22] [PassivePorts] [242] [WARN] Releasing unreserved passive port: 62010 
pool-3-thread-2> [2013-12-06 10:19:22] [FtpLoggingFilter] [141] [INFO] SENT: 150 File status okay; about to open data connection.
 
pool-3-thread-2> [2013-12-06 10:19:22] [FtpLoggingFilter] [141] [INFO] SENT: 226 Closing data connection.
 
pool-3-thread-1> [2013-12-06 10:19:30] [FtpLoggingFilter] [84] [INFO] RECEIVED: PASV 
pool-3-thread-2> [2013-12-06 10:19:30] [FtpLoggingFilter] [141] [INFO] SENT: 227 Entering Passive Mode (127,0,0,1,242,66)
 
pool-3-thread-1> [2013-12-06 10:19:30] [FtpLoggingFilter] [84] [INFO] RECEIVED: RETR stone.properties 
pool-3-thread-1> [2013-12-06 10:19:30] [RETR] [173] [INFO] File downloaded /stone.properties 
pool-3-thread-1> [2013-12-06 10:19:30] [PassivePorts] [242] [WARN] Releasing unreserved passive port: 62018 
pool-3-thread-1> [2013-12-06 10:19:30] [FtpLoggingFilter] [141] [INFO] SENT: 150 File status okay; about to open data connection.
 
pool-3-thread-1> [2013-12-06 10:19:30] [FtpLoggingFilter] [141] [INFO] SENT: 226 Transfer complete.
 
pool-3-thread-2> [2013-12-06 10:19:37] [FtpLoggingFilter] [84] [INFO] RECEIVED: DELE Logger.jar 
pool-3-thread-2> [2013-12-06 10:19:37] [DELE] [110] [INFO] File delete : kim - /Logger.jar 
pool-3-thread-2> [2013-12-06 10:19:37] [FtpLoggingFilter] [141] [INFO] SENT: 250 Requested file action okay, deleted /Logger.jar.
 
pool-3-thread-1> [2013-12-06 10:19:37] [FtpLoggingFilter] [84] [INFO] RECEIVED: DELE 1.xml 
pool-3-thread-1> [2013-12-06 10:19:37] [DELE] [110] [INFO] File delete : kim - /1.xml 
pool-3-thread-1> [2013-12-06 10:19:37] [FtpLoggingFilter] [141] [INFO] SENT: 250 Requested file action okay, deleted /1.xml.
 
main> [2013-12-06 11:35:30] [DefaultFtpServer] [89] [INFO] FTP server started 
NioProcessor-3> [2013-12-06 11:35:36] [FtpLoggingFilter] [159] [INFO] CREATED 
pool-3-thread-1> [2013-12-06 11:35:36] [FtpLoggingFilter] [159] [INFO] OPENED 
pool-3-thread-1> [2013-12-06 11:35:36] [FtpLoggingFilter] [141] [INFO] SENT: 220 Service ready for new user.
 
pool-3-thread-1> [2013-12-06 11:35:36] [FtpLoggingFilter] [84] [INFO] RECEIVED: USER kim 
pool-3-thread-2> [2013-12-06 11:35:36] [FtpLoggingFilter] [141] [INFO] SENT: 331 User name okay, need password for kim.
 
pool-3-thread-2> [2013-12-06 11:35:36] [FtpLoggingFilter] [84] [INFO] RECEIVED: PASS ***** 
pool-3-thread-2> [2013-12-06 11:35:36] [PASS] [246] [INFO] Login success - kim 
pool-3-thread-2> [2013-12-06 11:35:36] [FtpLoggingFilter] [141] [INFO] SENT: 230 User logged in, proceed.
 
pool-3-thread-2> [2013-12-06 11:35:36] [FtpLoggingFilter] [84] [INFO] RECEIVED: OPTS UTF8 ON 
pool-3-thread-1> [2013-12-06 11:35:36] [FtpLoggingFilter] [141] [INFO] SENT: 200 Command OPTS okay.
 
pool-3-thread-2> [2013-12-06 11:35:36] [FtpLoggingFilter] [84] [INFO] RECEIVED: OPTS MLST size;modify;type; 
pool-3-thread-1> [2013-12-06 11:35:36] [FtpLoggingFilter] [141] [INFO] SENT: 200 Command OPTS okay.
 
pool-3-thread-2> [2013-12-06 11:35:36] [FtpLoggingFilter] [84] [INFO] RECEIVED: PWD 
pool-3-thread-1> [2013-12-06 11:35:36] [FtpLoggingFilter] [141] [INFO] SENT: 257 "/" is current directory.
 
pool-3-thread-2> [2013-12-06 11:35:36] [FtpLoggingFilter] [84] [INFO] RECEIVED: TYPE I 
pool-3-thread-1> [2013-12-06 11:35:36] [FtpLoggingFilter] [141] [INFO] SENT: 200 Command TYPE okay.
 
pool-3-thread-2> [2013-12-06 11:35:36] [FtpLoggingFilter] [84] [INFO] RECEIVED: PASV 
pool-3-thread-1> [2013-12-06 11:35:36] [FtpLoggingFilter] [141] [INFO] SENT: 227 Entering Passive Mode (127,0,0,1,252,251)
 
pool-3-thread-2> [2013-12-06 11:35:36] [FtpLoggingFilter] [84] [INFO] RECEIVED: MLSD 
pool-3-thread-2> [2013-12-06 11:35:36] [PassivePorts] [242] [WARN] Releasing unreserved passive port: 64763 
pool-3-thread-2> [2013-12-06 11:35:36] [FtpLoggingFilter] [141] [INFO] SENT: 150 File status okay; about to open data connection.
 
pool-3-thread-2> [2013-12-06 11:35:36] [FtpLoggingFilter] [141] [INFO] SENT: 226 Closing data connection.
 
pool-3-thread-1> [2013-12-06 11:35:42] [FtpLoggingFilter] [159] [INFO] CLOSED 
NioProcessor-4> [2013-12-06 11:35:42] [FtpLoggingFilter] [159] [INFO] CREATED 
pool-3-thread-2> [2013-12-06 11:35:42] [FtpLoggingFilter] [159] [INFO] OPENED 
pool-3-thread-1> [2013-12-06 11:35:42] [FtpLoggingFilter] [141] [INFO] SENT: 220 Service ready for new user.
 
pool-3-thread-2> [2013-12-06 11:35:42] [FtpLoggingFilter] [84] [INFO] RECEIVED: USER lee 
pool-3-thread-1> [2013-12-06 11:35:42] [FtpLoggingFilter] [141] [INFO] SENT: 331 User name okay, need password for lee.
 
pool-3-thread-2> [2013-12-06 11:35:42] [FtpLoggingFilter] [84] [INFO] RECEIVED: PASS ***** 
pool-3-thread-2> [2013-12-06 11:35:42] [PASS] [170] [WARN] User failed to log in 
pool-3-thread-2> [2013-12-06 11:35:43] [PASS] [213] [WARN] Login failure - lee 
pool-3-thread-1> [2013-12-06 11:35:43] [FtpLoggingFilter] [141] [INFO] SENT: 530 Authentication failed.
 
pool-3-thread-1> [2013-12-06 11:35:43] [FtpLoggingFilter] [159] [INFO] CLOSED 
NioProcessor-1> [2013-12-06 11:35:49] [FtpLoggingFilter] [159] [INFO] CREATED 
pool-3-thread-2> [2013-12-06 11:35:49] [FtpLoggingFilter] [159] [INFO] OPENED 
pool-3-thread-1> [2013-12-06 11:35:49] [FtpLoggingFilter] [141] [INFO] SENT: 220 Service ready for new user.
 
pool-3-thread-2> [2013-12-06 11:35:49] [FtpLoggingFilter] [84] [INFO] RECEIVED: USER lee 
pool-3-thread-1> [2013-12-06 11:35:49] [FtpLoggingFilter] [141] [INFO] SENT: 331 User name okay, need password for lee.
 
pool-3-thread-2> [2013-12-06 11:35:49] [FtpLoggingFilter] [84] [INFO] RECEIVED: PASS ***** 
pool-3-thread-2> [2013-12-06 11:35:49] [PASS] [246] [INFO] Login success - lee 
pool-3-thread-2> [2013-12-06 11:35:49] [FtpLoggingFilter] [141] [INFO] SENT: 230 User logged in, proceed.
 
pool-3-thread-2> [2013-12-06 11:35:49] [FtpLoggingFilter] [84] [INFO] RECEIVED: SYST 
pool-3-thread-1> [2013-12-06 11:35:49] [FtpLoggingFilter] [141] [INFO] SENT: 215 UNIX Type: Apache FtpServer
 
pool-3-thread-2> [2013-12-06 11:35:49] [FtpLoggingFilter] [84] [INFO] RECEIVED: FEAT 
pool-3-thread-1> [2013-12-06 11:35:49] [FtpLoggingFilter] [141] [INFO] SENT: 211-Extensions supported
 SIZE
 MDTM
 REST STREAM
 LANG en;zh-tw;ja;is
 MLST Size;Modify;Type;Perm
 AUTH SSL
 AUTH TLS
 MODE Z
 UTF8
 TVFS
 MD5
 MMD5
 MFMT
211 End
 
pool-3-thread-2> [2013-12-06 11:35:49] [FtpLoggingFilter] [84] [INFO] RECEIVED: OPTS UTF8 ON 
pool-3-thread-1> [2013-12-06 11:35:49] [FtpLoggingFilter] [141] [INFO] SENT: 200 Command OPTS okay.
 
pool-3-thread-2> [2013-12-06 11:35:49] [FtpLoggingFilter] [84] [INFO] RECEIVED: OPTS MLST size;modify;type; 
pool-3-thread-1> [2013-12-06 11:35:49] [FtpLoggingFilter] [141] [INFO] SENT: 200 Command OPTS okay.
 
pool-3-thread-2> [2013-12-06 11:35:49] [FtpLoggingFilter] [84] [INFO] RECEIVED: PWD 
pool-3-thread-1> [2013-12-06 11:35:49] [FtpLoggingFilter] [141] [INFO] SENT: 257 "/" is current directory.
 
pool-3-thread-2> [2013-12-06 11:35:49] [FtpLoggingFilter] [84] [INFO] RECEIVED: TYPE I 
pool-3-thread-1> [2013-12-06 11:35:49] [FtpLoggingFilter] [141] [INFO] SENT: 200 Command TYPE okay.
 
pool-3-thread-2> [2013-12-06 11:35:49] [FtpLoggingFilter] [84] [INFO] RECEIVED: PASV 
pool-3-thread-1> [2013-12-06 11:35:49] [FtpLoggingFilter] [141] [INFO] SENT: 227 Entering Passive Mode (127,0,0,1,252,255)
 
pool-3-thread-2> [2013-12-06 11:35:49] [FtpLoggingFilter] [84] [INFO] RECEIVED: MLSD 
pool-3-thread-2> [2013-12-06 11:35:49] [PassivePorts] [242] [WARN] Releasing unreserved passive port: 64767 
pool-3-thread-2> [2013-12-06 11:35:49] [FtpLoggingFilter] [141] [INFO] SENT: 150 File status okay; about to open data connection.
 
pool-3-thread-2> [2013-12-06 11:35:49] [FtpLoggingFilter] [141] [INFO] SENT: 226 Closing data connection.
 
NioProcessor-2> [2013-12-06 11:35:57] [FtpLoggingFilter] [159] [INFO] CREATED 
pool-3-thread-1> [2013-12-06 11:35:57] [FtpLoggingFilter] [159] [INFO] OPENED 
pool-3-thread-2> [2013-12-06 11:35:57] [FtpLoggingFilter] [141] [INFO] SENT: 220 Service ready for new user.
 
pool-3-thread-2> [2013-12-06 11:35:57] [FtpLoggingFilter] [84] [INFO] RECEIVED: USER lee 
pool-3-thread-1> [2013-12-06 11:35:57] [FtpLoggingFilter] [141] [INFO] SENT: 331 User name okay, need password for lee.
 
pool-3-thread-2> [2013-12-06 11:35:57] [FtpLoggingFilter] [84] [INFO] RECEIVED: PASS ***** 
pool-3-thread-2> [2013-12-06 11:35:57] [PASS] [246] [INFO] Login success - lee 
pool-3-thread-2> [2013-12-06 11:35:57] [FtpLoggingFilter] [141] [INFO] SENT: 230 User logged in, proceed.
 
pool-3-thread-2> [2013-12-06 11:35:57] [FtpLoggingFilter] [84] [INFO] RECEIVED: OPTS UTF8 ON 
pool-3-thread-1> [2013-12-06 11:35:57] [FtpLoggingFilter] [141] [INFO] SENT: 200 Command OPTS okay.
 
pool-3-thread-2> [2013-12-06 11:35:57] [FtpLoggingFilter] [84] [INFO] RECEIVED: OPTS MLST size;modify;type; 
pool-3-thread-1> [2013-12-06 11:35:57] [FtpLoggingFilter] [141] [INFO] SENT: 200 Command OPTS okay.
 
pool-3-thread-2> [2013-12-06 11:35:57] [FtpLoggingFilter] [84] [INFO] RECEIVED: CWD / 
pool-3-thread-1> [2013-12-06 11:35:57] [FtpLoggingFilter] [141] [INFO] SENT: 550 No such directory.
 
pool-3-thread-2> [2013-12-06 11:35:57] [FtpLoggingFilter] [84] [INFO] RECEIVED: MKD / 
pool-3-thread-2> [2013-12-06 11:35:57] [MKD] [109] [INFO] Directory create : lee - / 
pool-3-thread-2> [2013-12-06 11:35:57] [FtpLoggingFilter] [141] [INFO] SENT: 257 "/" created.
 
pool-3-thread-1> [2013-12-06 11:35:57] [FtpLoggingFilter] [84] [INFO] RECEIVED: CWD / 
pool-3-thread-2> [2013-12-06 11:35:57] [FtpLoggingFilter] [141] [INFO] SENT: 250 Directory changed to /
 
pool-3-thread-1> [2013-12-06 11:35:57] [FtpLoggingFilter] [84] [INFO] RECEIVED: PWD 
pool-3-thread-2> [2013-12-06 11:35:57] [FtpLoggingFilter] [141] [INFO] SENT: 257 "/" is current directory.
 
pool-3-thread-1> [2013-12-06 11:35:57] [FtpLoggingFilter] [84] [INFO] RECEIVED: TYPE I 
pool-3-thread-2> [2013-12-06 11:35:57] [FtpLoggingFilter] [141] [INFO] SENT: 200 Command TYPE okay.
 
pool-3-thread-1> [2013-12-06 11:35:57] [FtpLoggingFilter] [84] [INFO] RECEIVED: PASV 
pool-3-thread-2> [2013-12-06 11:35:57] [FtpLoggingFilter] [141] [INFO] SENT: 227 Entering Passive Mode (127,0,0,1,253,3)
 
pool-3-thread-1> [2013-12-06 11:35:57] [FtpLoggingFilter] [84] [INFO] RECEIVED: STOR aaa.exe 
pool-3-thread-1> [2013-12-06 11:35:57] [STOR] [154] [INFO] File uploaded /aaa.exe 
pool-3-thread-1> [2013-12-06 11:35:57] [PassivePorts] [242] [WARN] Releasing unreserved passive port: 64771 
pool-3-thread-1> [2013-12-06 11:35:57] [FtpLoggingFilter] [141] [INFO] SENT: 150 File status okay; about to open data connection.
 
pool-3-thread-1> [2013-12-06 11:35:57] [FtpLoggingFilter] [141] [INFO] SENT: 226 Transfer complete.
 
pool-3-thread-2> [2013-12-06 11:35:57] [FtpLoggingFilter] [84] [INFO] RECEIVED: PASV 
pool-3-thread-1> [2013-12-06 11:35:57] [FtpLoggingFilter] [141] [INFO] SENT: 227 Entering Passive Mode (127,0,0,1,253,5)
 
pool-3-thread-2> [2013-12-06 11:35:57] [FtpLoggingFilter] [84] [INFO] RECEIVED: MLSD 
pool-3-thread-2> [2013-12-06 11:35:57] [PassivePorts] [242] [WARN] Releasing unreserved passive port: 64773 
pool-3-thread-2> [2013-12-06 11:35:57] [FtpLoggingFilter] [141] [INFO] SENT: 150 File status okay; about to open data connection.
 
pool-3-thread-2> [2013-12-06 11:35:57] [FtpLoggingFilter] [141] [INFO] SENT: 226 Closing data connection.
 
pool-3-thread-3> [2013-12-06 11:36:57] [FtpLoggingFilter] [159] [INFO] CLOSED 
pool-3-thread-4> [2013-12-06 11:40:49] [FtpLoggingFilter] [159] [INFO] IDLE 
pool-3-thread-4> [2013-12-06 11:40:49] [DefaultFtpHandler] [256] [INFO] Session idle, closing 
pool-3-thread-4> [2013-12-06 11:40:49] [FtpLoggingFilter] [159] [INFO] CLOSED 
main> [2013-12-06 11:43:46] [DefaultFtpServer] [89] [INFO] FTP server started 
NioProcessor-3> [2013-12-06 11:43:56] [FtpLoggingFilter] [159] [INFO] CREATED 
pool-3-thread-1> [2013-12-06 11:43:56] [FtpLoggingFilter] [159] [INFO] OPENED 
pool-3-thread-1> [2013-12-06 11:43:56] [FtpLoggingFilter] [141] [INFO] SENT: 220 Service ready for new user.
 
pool-3-thread-1> [2013-12-06 11:43:56] [FtpLoggingFilter] [84] [INFO] RECEIVED: USER lee 
pool-3-thread-2> [2013-12-06 11:43:56] [FtpLoggingFilter] [141] [INFO] SENT: 331 User name okay, need password for lee.
 
pool-3-thread-2> [2013-12-06 11:43:56] [FtpLoggingFilter] [84] [INFO] RECEIVED: PASS ***** 
pool-3-thread-2> [2013-12-06 11:43:56] [PASS] [246] [INFO] Login success - lee 
pool-3-thread-2> [2013-12-06 11:43:56] [FtpLoggingFilter] [141] [INFO] SENT: 230 User logged in, proceed.
 
pool-3-thread-2> [2013-12-06 11:43:56] [FtpLoggingFilter] [84] [INFO] RECEIVED: OPTS UTF8 ON 
pool-3-thread-1> [2013-12-06 11:43:56] [FtpLoggingFilter] [141] [INFO] SENT: 200 Command OPTS okay.
 
pool-3-thread-2> [2013-12-06 11:43:56] [FtpLoggingFilter] [84] [INFO] RECEIVED: OPTS MLST size;modify;type; 
pool-3-thread-1> [2013-12-06 11:43:56] [FtpLoggingFilter] [141] [INFO] SENT: 200 Command OPTS okay.
 
pool-3-thread-2> [2013-12-06 11:43:56] [FtpLoggingFilter] [84] [INFO] RECEIVED: PWD 
pool-3-thread-1> [2013-12-06 11:43:56] [FtpLoggingFilter] [141] [INFO] SENT: 257 "/" is current directory.
 
main> [2013-12-06 11:44:09] [DefaultFtpServer] [89] [INFO] FTP server started 
NioProcessor-3> [2013-12-06 11:44:16] [FtpLoggingFilter] [159] [INFO] CREATED 
pool-3-thread-1> [2013-12-06 11:44:16] [FtpLoggingFilter] [159] [INFO] OPENED 
pool-3-thread-1> [2013-12-06 11:44:16] [FtpLoggingFilter] [84] [INFO] RECEIVED: USER lee 
pool-3-thread-1> [2013-12-06 11:44:16] [FtpLoggingFilter] [141] [INFO] SENT: 220 Service ready for new user.
 
pool-3-thread-1> [2013-12-06 11:44:16] [FtpLoggingFilter] [141] [INFO] SENT: 331 User name okay, need password for lee.
 
pool-3-thread-2> [2013-12-06 11:44:16] [FtpLoggingFilter] [84] [INFO] RECEIVED: PASS ***** 
pool-3-thread-2> [2013-12-06 11:44:16] [PASS] [170] [WARN] User failed to log in 
pool-3-thread-2> [2013-12-06 11:44:17] [PASS] [213] [WARN] Login failure - lee 
pool-3-thread-1> [2013-12-06 11:44:17] [FtpLoggingFilter] [141] [INFO] SENT: 530 Authentication failed.
 
pool-3-thread-1> [2013-12-06 11:44:17] [FtpLoggingFilter] [159] [INFO] CLOSED 
main> [2013-12-06 11:47:29] [DefaultFtpServer] [89] [INFO] FTP server started 
main> [2013-12-06 11:48:19] [DefaultFtpServer] [89] [INFO] FTP server started 
main> [2013-12-06 11:48:43] [client] [77] [INFO] Delete OK 
main> [2013-12-06 11:48:44] [DefaultFtpServer] [89] [INFO] FTP server started 
main> [2013-12-06 11:49:13] [client] [77] [INFO] Delete OK 
main> [2013-12-06 11:49:13] [DefaultFtpServer] [89] [INFO] FTP server started 
main> [2013-12-06 11:49:39] [client] [86] [INFO] Delete No 
main> [2013-12-06 11:49:39] [DefaultFtpServer] [89] [INFO] FTP server started 
main> [2013-12-06 11:49:58] [UserManager] [86] [INFO] Delete No 
main> [2013-12-06 11:49:58] [DefaultFtpServer] [89] [INFO] FTP server started 
